# LR-B Nico's version
# Some wavelengths have been extrated from:
# http://iraf.noao.edu/specatlas/thar_photron/thar_photron.html
#------------------------------------------------------------------------------
4348.0640  1 # ArII (from Photron)
#4370.7532  1 # ArII (from Photron)
#4379.6668  1 # ArII (from Photron)
#4391.1105  1 # ThII (from Photron)
#4400.9863  1 # ArII (from Photron)
#4408.8828  1 # ThI (from Photron)
4426.0011  1 # ArII (from Photron)
#4430.1890  1 # ArII (from Photron)
#4448.8792  0 # ArII (from Photron)
#4474.7594  1 # ArII (from Photron)
4481.8107  1 # ArII (from Photron)
#4493.3337  1 # ThI (from Photron)
4510.7332  1 # ArI (from Photron)
4545.0519  1 # ArII (from Photron)
4579.3495  1 # ArII (from Photron)
4589.8978  1 # ArII (from Photron)
#4596.1069  0 # interpolated with R5-findarc, faint line
#4598.7730  0 # interpolated with R5-findarc, faint line
4609.5673  1 # ArII (from Photron)
#4628.4575  0 # interpolated with R5-findarc, faint line
#4637.2168  0 # interpolated with R5-findarc, faint line
4657.9012  1 # ArII (from Photron)
4673.6609  1 # ThI (from Photron)
#4686.2109  0 # interpolated with R5-findarc, faint line
#4694.9946  0 # interpolated with R5-findarc, faint line
#4702.3296  0 # interpolated with R5-findarc, faint line
4703.9898  1 # ThI (from Photron)
4723.4382  1 # ThI (from Photron)
4726.8683  1 # ArII (from Photron)
4732.0532  1 # ArII (from Photron)
4735.9058  1 # ArII (from Photron)
4764.8646  1 # ArII (from Photron)
4778.2940  1 # ThI (from Photron)
4789.3868  1 # ThI (from Photron)
4806.0205  1 # ArII (from Photron)
4808.1337  1 # ThI (from Photron)
#4809.5972  0 # interpolated with R5-findarc, faint line
#4813.8418  0 # interpolated with R5-findarc, faint line
4822.8548  1 # ThI (from Photron)
4826.7004  1 # ThI (from Photron)
4831.1213  1 # ThI (from Photron)
4840.8492  1 # ThI (from Photron)
4847.8095  1 # ArII (from Photron)
#4863.1523  0 # interpolated with R5-findarc, faint line
4865.4775  1 # ThI (from Photron)
#4872.8877  0 # interpolated with R5-findarc, faint line
4879.8635  1 # ArII (from Photron)
4889.0220  1 # ArII (from Photron)
4894.9551  1 # ThI (from Photron)
4904.7119  0 # interpolated with R5-findarc, faint line
4919.8157  1 # ThII (from Photron)
#4927.7451  0 # interpolated with R5-findarc, faint line
4933.1646  0 # interpolated with R5-findarc, faint line
#4939.5752  0 # interpolated with R5-findarc, faint line
#4942.9653  0 # interpolated with R5-findarc, faint line
#4945.4404  0 # interpolated with R5-findarc, faint line
4965.0795  1 # ArII (from Photron)
#4972.1514  0 # interpolated with R5-findarc, faint line
#4982.4243  0 # interpolated with R5-findarc, faint line
#4985.3315  0 # interpolated with R5-findarc, faint line
5002.0972  1 # ThI (from Photron)
5009.3344  1 # ArII (from Photron)
5017.1628  1 # ArII (from Photron)
#5019.7822  0 # interpolated with R5-findarc, faint line
5028.6556  1 # ThI (from Photron)
5039.2303  1 # ThI (from Photron)
5044.7195  1 # ThI (from Photron)
5049.7960  1 # ThII (from Photron)
#5060.0352  0 # interpolated with R5-findarc, faint line
5062.0371  1 # ArII (from Photron)
5064.8823  0 # interpolated with R5-findarc, faint line
5067.9737  1 # ThI (from Photron)
5090.5815  0 # interpolated with R5-findarc, faint line
#5096.5410  0 # interpolated with R5-findarc, faint line
#5100.6987  0 # interpolated with R5-findarc, faint line
5115.0448  1 # ThI (from Photron)
5125.8750  0 # interpolated with R5-findarc, faint line
5141.8799  0 # interpolated with R5-findarc, faint line
5145.3940  0 # interpolated with R5-findarc, faint line
5151.6563  0 # interpolated with R5-findarc, faint line
5154.2430  1 # ThI (from Photron)
5158.6041  1 # ThI (from Photron)
5162.3828  0 # interpolated with R5-findarc, faint line
5187.8486  0 # interpolated with R5-findarc, faint line
#5195.9463  0 # interpolated with R5-findarc, faint line
5199.2993  0 # interpolated with R5-findarc, faint line
5209.2700  0 # interpolated with R5-findarc, faint line
#5211.3965  0 # interpolated with R5-findarc, faint line
#5219.3398  0 # interpolated with R5-findarc, faint line
#5221.4536  0 # interpolated with R5-findarc, faint line
