# LR-B Nico's version
# Some wavelengths have been extrated from:
# http://iraf.noao.edu/specatlas/thar_photron/thar_photron.html
# but then they were refined using:
# http://physics.nist.gov/PhysRefData/ASD/lines_form.html
#------------------------------------------------------------------------------
4510.7330    100 # ArI from NIST
4545.0516   1738 # ArII from NIST
4579.3493    871 # ArII from NIST
4589.8976  25704 # ArII from NIST
4595.4207   8700 # ThI from NIST
4596.0970     15 # ArI from NIST
4598.7625    182 # ArII from NIST
4609.5669   2291 # ArII from NIST
4628.4410      7 # ArI from NIST (faint)
4637.2324    148 # ArII from NIST
4657.9009   1445 # ArII from NIST
4673.6609  15000 # ThI from NIST
4686.1946   4600 # ThI from NIST
4695.0381   4900 # ThI from NIST
4702.3160     15 # ArI from NIST
4703.9898  18000 # ThI from NIST
4723.4382  14000 # ThI from NIST
4726.8681  23442 # ArII from NIST
4732.0530    200 # ArII from NIST
4735.9055   1000 # ArII from NIST
4764.8644   2344 # ArII from NIST
4778.2939  10000 # ThI from NIST
4789.3868   5700 # ThI from NIST
4806.0202   1820 # ArII from NIST
4808.1337  12000 # ThI from NIST
4809.6141   3600 # ThI from NIST
4822.8548   7400 # ThI from NIST
4826.7004   4700 # ThI from NIST
4831.1213   7000 # ThI from NIST
4840.8428   9600 # ThI from NIST
4847.8095    832 # ArII from NIST
4863.1730   4000 # ThII from NIST
4865.4775   9200 # ThI from NIST
4865.9109     83 # ArII from NIST
4872.9168   4400 # ThI from NIST
4878.7330   7200 # ThI from NIST
4879.8634   2239 # ArII from NIST
4889.0419    288 # ArII from NIST
4894.9549  13000 # ThI from NIST
4904.7514    107 # ArII from NIST
4919.8158   5000 # ThII from NIST
4933.2089    251 # ArII from NIST
4939.6421   5600 # ThI from NIST
4943.0640   2600 # ThI from NIST
4945.4585   6600 # ThI from NIST
4965.0794    891 # ArII from NIST
4972.1599    100 # ArII from NIST
4985.3724   3700 # ThI from NIST
5002.0971   7800 # ThI from NIST
5009.3342    355 # ArII from NIST
5017.1626   7413 # ArII from NIST
5028.6556   6100 # ThI from NIST
5039.2303   5300 # ThI from NIST
5044.7195   9700 # ThI from NIST
5062.0370    398 # ArII from NIST
5064.9454   4700 # ThI from NIST
5067.9738  15000 # ThI from NIST
5090.4948     45 # ArII from NIST
